<?xml version="1.0" encoding="UTF-8"?>
<!-- Generated by org.testng.reporters.JUnitXMLReporter -->
<testsuite hostname="Mohd_Rafi" name="Default test" tests="2" failures="0" timestamp="16 Sep 2015 20:33:32 GMT" time="21.403" errors="0">
  <testcase name="test1" time="18.926" classname="com.mavenproject.seleniumwebdriver.flipkart.testscripts.TestScript1Test"/>
  <testcase name="test2" time="2.446" classname="com.mavenproject.seleniumwebdriver.flipkart.testscripts.TestScript1Test"/>
</testsuite> <!-- Default test -->
