<?xml version="1.0" encoding="UTF-8"?>
<!-- Generated by org.testng.reporters.JUnitXMLReporter -->
<testsuite hostname="Mohd_Rafi" name="Test" tests="4" failures="2" timestamp="16 Sep 2015 21:49:04 GMT" time="25.466" errors="0">
  <testcase name="test1" time="14.068" classname="com.mavenproject.seleniumwebdriver.testscripts.TestScript1"/>
  <testcase name="test2" time="11.398" classname="com.mavenproject.seleniumwebdriver.testscripts.TestScript1"/>
  <testcase name="test1" time="0.0" classname="com.mavenproject.seleniumwebdriver.testscripts.TestScript2">
    <failure type="java.lang.NullPointerException">
      <![CDATA[java.lang.NullPointerException
	at com.mavenproject.seleniumwebdriver.testscripts.TestScript2.test1(TestScript2.java:16)
... Removed 24 stack frames]]>
    </failure>
  </testcase> <!-- test1 -->
  <testcase name="test2" time="0.0" classname="com.mavenproject.seleniumwebdriver.testscripts.TestScript2">
    <failure type="java.lang.NullPointerException">
      <![CDATA[java.lang.NullPointerException
	at com.mavenproject.seleniumwebdriver.testscripts.TestScript2.test2(TestScript2.java:23)
... Removed 24 stack frames]]>
    </failure>
  </testcase> <!-- test2 -->
</testsuite> <!-- Test -->
