<?xml version="1.0" encoding="UTF-8"?>
<testng-results skipped="0" failed="0" total="4" passed="4">
  <reporter-output>
  </reporter-output>
  <suite name="Suite" duration-ms="88620" started-at="2015-09-19T16:24:13Z" finished-at="2015-09-19T16:25:42Z">
    <groups>
    </groups>
    <test name="Test1" duration-ms="24111" started-at="2015-09-19T16:24:13Z" finished-at="2015-09-19T16:24:37Z">
      <class name="com.mavenproject.seleniumwebdriver.testscripts.TestScript1">
        <test-method status="PASS" signature="init()" name="init" is-config="true" duration-ms="10588" started-at="2015-09-19T16:24:13Z" finished-at="2015-09-19T16:24:24Z">
        </test-method>
        <test-method status="PASS" signature="test1()" name="test1" duration-ms="10246" started-at="2015-09-19T16:24:24Z" finished-at="2015-09-19T16:24:34Z">
        </test-method>
        <test-method status="PASS" signature="test2()" name="test2" duration-ms="2049" started-at="2015-09-19T16:24:34Z" finished-at="2015-09-19T16:24:36Z">
        </test-method>
        <test-method status="PASS" signature="teardown()" name="teardown" is-config="true" duration-ms="1228" started-at="2015-09-19T16:24:36Z" finished-at="2015-09-19T16:24:37Z">
        </test-method>
      </class>
    </test>
    <test name="Test2" duration-ms="64384" started-at="2015-09-19T16:24:37Z" finished-at="2015-09-19T16:25:42Z">
      <class name="com.mavenproject.seleniumwebdriver.testscripts.TestScript2">
        <test-method status="PASS" signature="init()" name="init" is-config="true" duration-ms="7380" started-at="2015-09-19T16:24:37Z" finished-at="2015-09-19T16:24:45Z">
        </test-method>
        <test-method status="PASS" signature="test1()" name="test1" duration-ms="17040" started-at="2015-09-19T16:24:45Z" finished-at="2015-09-19T16:25:02Z">
        </test-method>
        <test-method status="PASS" signature="test2()" name="test2" duration-ms="38463" started-at="2015-09-19T16:25:02Z" finished-at="2015-09-19T16:25:40Z">
        </test-method>
        <test-method status="PASS" signature="teardown()" name="teardown" is-config="true" duration-ms="1501" started-at="2015-09-19T16:25:40Z" finished-at="2015-09-19T16:25:42Z">
        </test-method>
      </class>
    </test>
  </suite>
</testng-results>
